<?xml version="1.0" encoding="UTF-8"?>
<testsuite name="com.simple.web.HelloTests" tests="1" skipped="0" failures="0" errors="0" timestamp="2025-08-11T14:29:35.851Z" hostname="LABPC" time="0.034">
  <properties/>
  <testcase name="testHello()" classname="com.simple.web.HelloTests" time="0.034"/>
  <system-out><![CDATA[]]></system-out>
  <system-err><![CDATA[]]></system-err>
</testsuite>
