<?xml version="1.0" encoding="UTF-8"?>
<testsuite name="com.webage.CustomerAPITests" tests="1" skipped="0" failures="0" errors="0" timestamp="2025-08-11T18:40:42" hostname="LABPC" time="1.861">
  <properties/>
  <testcase name="testPut()" classname="com.webage.CustomerAPITests" time="1.861"/>
  <system-out><![CDATA[14:40:31.734 [Test worker] INFO org.springframework.test.context.support.AnnotationConfigContextLoaderUtils -- Could not detect default configuration classes for test class [com.webage.CustomerAPITests]: CustomerAPITests does not declare any static, non-private, non-final, nested classes annotated with @Configuration.
14:40:31.995 [Test worker] INFO org.springframework.boot.test.context.SpringBootTestContextBootstrapper -- Found @SpringBootConfiguration com.webage.App for test class com.webage.CustomerAPITests

  .   ____          _            __ _ _
 /\\ / ___'_ __ _ _(_)_ __  __ _ \ \ \ \
( ( )\___ | '_ | '_| | '_ \/ _` | \ \ \ \
 \\/  ___)| |_)| | | | | || (_| |  ) ) ) )
  '  |____| .__|_| |_|_| |_\__, | / / / /
 =========|_|==============|___/=/_/_/_/

 :: Spring Boot ::                (v3.4.4)

2025-08-11T14:40:33.149-04:00  INFO 6728 --- [    Test worker] com.webage.CustomerAPITests              : Starting CustomerAPITests using Java 21.0.5 with PID 6728 (started by labadmin in C:\LabFiles\WA2511\spring-boot-rest\rest-starter)
2025-08-11T14:40:33.149-04:00  INFO 6728 --- [    Test worker] com.webage.CustomerAPITests              : No active profile set, falling back to 1 default profile: "default"
2025-08-11T14:40:34.650-04:00  INFO 6728 --- [    Test worker] .s.d.r.c.RepositoryConfigurationDelegate : Bootstrapping Spring Data JPA repositories in DEFAULT mode.
2025-08-11T14:40:34.813-04:00  INFO 6728 --- [    Test worker] .s.d.r.c.RepositoryConfigurationDelegate : Finished Spring Data repository scanning in 135 ms. Found 2 JPA repository interfaces.
2025-08-11T14:40:35.962-04:00  INFO 6728 --- [    Test worker] o.s.b.w.embedded.tomcat.TomcatWebServer  : Tomcat initialized with port 0 (http)
2025-08-11T14:40:35.997-04:00  INFO 6728 --- [    Test worker] o.apache.catalina.core.StandardService   : Starting service [Tomcat]
2025-08-11T14:40:35.997-04:00  INFO 6728 --- [    Test worker] o.apache.catalina.core.StandardEngine    : Starting Servlet engine: [Apache Tomcat/10.1.39]
2025-08-11T14:40:36.118-04:00  INFO 6728 --- [    Test worker] o.a.c.c.C.[Tomcat].[localhost].[/]       : Initializing Spring embedded WebApplicationContext
2025-08-11T14:40:36.118-04:00  INFO 6728 --- [    Test worker] w.s.c.ServletWebServerApplicationContext : Root WebApplicationContext: initialization completed in 2922 ms
2025-08-11T14:40:36.329-04:00  INFO 6728 --- [    Test worker] com.zaxxer.hikari.HikariDataSource       : HikariPool-1 - Starting...
2025-08-11T14:40:36.968-04:00  INFO 6728 --- [    Test worker] com.zaxxer.hikari.pool.PoolBase          : HikariPool-1 - Driver does not support get/set network timeout for connections. (feature not supported)
2025-08-11T14:40:37.007-04:00  INFO 6728 --- [    Test worker] com.zaxxer.hikari.pool.HikariPool        : HikariPool-1 - Added connection org.hsqldb.jdbc.JDBCConnection@33de7f3d
2025-08-11T14:40:37.014-04:00  INFO 6728 --- [    Test worker] com.zaxxer.hikari.HikariDataSource       : HikariPool-1 - Start completed.
2025-08-11T14:40:37.251-04:00  INFO 6728 --- [    Test worker] o.hibernate.jpa.internal.util.LogHelper  : HHH000204: Processing PersistenceUnitInfo [name: default]
2025-08-11T14:40:37.377-04:00  INFO 6728 --- [    Test worker] org.hibernate.Version                    : HHH000412: Hibernate ORM core version 6.6.11.Final
2025-08-11T14:40:37.462-04:00  INFO 6728 --- [    Test worker] o.h.c.internal.RegionFactoryInitiator    : HHH000026: Second-level cache disabled
2025-08-11T14:40:38.222-04:00  INFO 6728 --- [    Test worker] o.s.o.j.p.SpringPersistenceUnitInfo      : No LoadTimeWeaver setup: ignoring JPA class transformer
2025-08-11T14:40:38.349-04:00  INFO 6728 --- [    Test worker] org.hibernate.orm.connections.pooling    : HHH10001005: Database info:
	Database JDBC URL [Connecting through datasource 'HikariDataSource (HikariPool-1)']
	Database driver: undefined/unknown
	Database version: 2.7.3
	Autocommit mode: undefined/unknown
	Isolation level: undefined/unknown
	Minimum pool size: undefined/unknown
	Maximum pool size: undefined/unknown
2025-08-11T14:40:40.042-04:00  INFO 6728 --- [    Test worker] o.h.e.t.j.p.i.JtaPlatformInitiator       : HHH000489: No JTA platform available (set 'hibernate.transaction.jta.platform' to enable JTA platform integration)
2025-08-11T14:40:40.058-04:00  INFO 6728 --- [    Test worker] j.LocalContainerEntityManagerFactoryBean : Initialized JPA EntityManagerFactory for persistence unit 'default'
2025-08-11T14:40:40.634-04:00  WARN 6728 --- [    Test worker] JpaBaseConfiguration$JpaWebConfiguration : spring.jpa.open-in-view is enabled by default. Therefore, database queries may be performed during view rendering. Explicitly configure spring.jpa.open-in-view to disable this warning
2025-08-11T14:40:40.681-04:00  INFO 6728 --- [    Test worker] o.s.b.a.w.s.WelcomePageHandlerMapping    : Adding welcome page template: index
2025-08-11T14:40:41.971-04:00  INFO 6728 --- [    Test worker] o.s.b.w.embedded.tomcat.TomcatWebServer  : Tomcat started on port 59069 (http) with context path '/'
2025-08-11T14:40:41.993-04:00  INFO 6728 --- [    Test worker] com.webage.CustomerAPITests              : Started CustomerAPITests in 9.635 seconds (process running for 12.325)
2025-08-11T14:40:43.243-04:00  INFO 6728 --- [o-auto-1-exec-1] o.a.c.c.C.[Tomcat].[localhost].[/]       : Initializing Spring DispatcherServlet 'dispatcherServlet'
2025-08-11T14:40:43.243-04:00  INFO 6728 --- [o-auto-1-exec-1] o.s.web.servlet.DispatcherServlet        : Initializing Servlet 'dispatcherServlet'
2025-08-11T14:40:43.243-04:00  INFO 6728 --- [o-auto-1-exec-1] o.s.web.servlet.DispatcherServlet        : Completed initialization in 0 ms
]]></system-out>
  <system-err><![CDATA[Mockito is currently self-attaching to enable the inline-mock-maker. This will no longer work in future releases of the JDK. Please add Mockito as an agent to your build what is described in Mockito's documentation: https://javadoc.io/doc/org.mockito/mockito-core/latest/org/mockito/Mockito.html#0.3
WARNING: A Java agent has been loaded dynamically (C:\Users\labadmin\.gradle\caches\modules-2\files-2.1\net.bytebuddy\byte-buddy-agent\1.15.11\a38b16385e867f59a641330f0362ebe742788ed8\byte-buddy-agent-1.15.11.jar)
WARNING: If a serviceability tool is in use, please run with -XX:+EnableDynamicAgentLoading to hide this warning
WARNING: If a serviceability tool is not in use, please run with -Djdk.instrument.traceUsage for more information
WARNING: Dynamic loading of agents will be disallowed by default in a future release
]]></system-err>
</testsuite>
